Arguments: 
  /opt/homebrew/var/nodebrew/node/v16.16.0/bin/node /opt/homebrew/var/nodebrew/current/bin/yarn contract run:script

PATH: 
  /opt/homebrew/opt/mysql@5.7/bin:/opt/homebrew/var/nodebrew/current/bin:/Users/iwanekazuaki/.nodebrew/current/bin:/opt/homebrew/bin:/usr/local/bin:/Users/iwanekazuaki/.nodebrew/current/bin:/Users/iwanekazuaki/.nodebrew/current/bin:/Users/iwanekazuaki/.nodebrew/current/bin:/Users/iwanekazuaki/.nodebrew/current/bin:/Users/iwanekazuaki/.nodebrew/current/bin:/opt/homebrew/bin:/usr/local/bin:/usr/local/bin:/usr/bin:/bin:/usr/sbin:/sbin:/Library/Apple/usr/bin

Yarn version: 
  1.22.19

Node version: 
  16.16.0

Platform: 
  darwin arm64

Trace: 
  SyntaxError: /Users/iwanekazuaki/Documents/dev/ETH-dApp/packages/contract/package.json: Unexpected token } in JSON at position 956
      at JSON.parse (<anonymous>)
      at /opt/homebrew/var/nodebrew/node/v16.16.0/lib/node_modules/yarn/lib/cli.js:1629:59
      at Generator.next (<anonymous>)
      at step (/opt/homebrew/var/nodebrew/node/v16.16.0/lib/node_modules/yarn/lib/cli.js:310:30)
      at /opt/homebrew/var/nodebrew/node/v16.16.0/lib/node_modules/yarn/lib/cli.js:321:13

npm manifest: 
  {
    "name": "contract",
    "version": "0.1.0",
    "private": true,
    "devDependencies": {
      "@nomicfoundation/hardhat-chai-matchers": "^1.0.6",
      "@nomicfoundation/hardhat-network-helpers": "^1.0.8",
      "@nomicfoundation/hardhat-toolbox": "^2.0.2",
      "@nomiclabs/hardhat-ethers": "^2.2.2",
      "@nomiclabs/hardhat-etherscan": "^3.1.7",
      "@openzeppelin/contracts": "^4.9.0",
      "@typechain/ethers-v5": "^10.2.0",
      "@typechain/hardhat": "^6.1.5",
      "chai": "^4.3.7",
      "ethers": "^6.1.0",
      "hardhat": "^2.13.0",
      "hardhat-gas-reporter": "^1.0.9",
      "solidity-coverage": "^0.8.2",
      "typechain": "^8.1.1"
    },
  "scripts": {
      "contract": "yarn workspace contract",
      "run:script":"npx hardhat run scripts/run.js",
      "test": "npx hardhat test",
      "deploy": "npx hardhat run scripts/deploy.js --network sepolia",
      "deploy:localhost": "npx hardhat run scripts/deploy.js --network localhost",
      "start":"npx hardhat node",
    },
    "dependencies": {
      "ethers": "5.7.0"
    }
  }

yarn manifest: 
  No manifest

Lockfile: 
  No lockfile
